<?xml version="1.0" encoding="UTF-8"?>
<!-- Generated by org.testng.reporters.JUnitXMLReporter -->
<testsuite hostname="Anils-Air" ignored="0" name="MacysTest" tests="4" failures="0" timestamp="12 May 2017 21:41:56 GMT" time="25.435" errors="0">
  <testcase name="itemSearchFunctionality" time="6.615" classname="testpackage.macys"/>
  <testcase name="calculateItemCountPerPage" time="0.094" classname="testpackage.macys"/>
  <testcase name="sortPriceByLowToHigh" time="4.93" classname="testpackage.macys"/>
  <testcase name="getReviewsOfCustomersTopRated" time="0.607" classname="testpackage.macys"/>
</testsuite> <!-- MacysTest -->
